<?xml version="1.0" encoding="UTF-8"?>
<!-- Generated by org.testng.reporters.JUnitReportReporter -->
<testsuite hostname="UK-C02XJ3FEJHD3" failures="0" tests="2" name="qaclickacademy.SeleniumTest" time="0.000" errors="0" timestamp="15 Oct 2019 10:37:09 GMT" skipped="0">
  <testcase classname="qaclickacademy.SeleniumTest" name="BrowserAutomation" time="0.000"/>
  <testcase classname="qaclickacademy.SeleniumTest" name="elementsUi" time="0.000"/>
</testsuite> <!-- qaclickacademy.SeleniumTest -->
